<?xml version="1.0" encoding="UTF-8"?>
<robot generator="Robot 5.0.1 (Python 3.8.2 on linux)" generated="20220717 21:09:04.222" rpa="false" schemaversion="3">
<suite id="s1" name="testDemo2" source="/home/andy/my_first_project_rf/tests/testDemo2.robot">
<test id="s1-t1" name="Validate UnSuccesful login" line="14">
<kw name="open the browser with the Mortgage payment url" library="ressources" type="SETUP">
<kw name="Evaluate" library="BuiltIn">
<var>${chrome_options}</var>
<arg>sys.modules['selenium.webdriver'].ChromeOptions()</arg>
<arg>sys, selenium.webdriver</arg>
<doc>Evaluates the given expression in Python and returns the result.</doc>
<msg timestamp="20220717 21:09:04.344" level="INFO">${chrome_options} = &lt;selenium.webdriver.chrome.options.Options object at 0x7fe3c9edf040&gt;</msg>
<status status="PASS" starttime="20220717 21:09:04.343" endtime="20220717 21:09:04.344"/>
</kw>
<kw name="Call Method" library="BuiltIn">
<arg>${chrome_options}</arg>
<arg>add_argument</arg>
<arg>test-type</arg>
<doc>Calls the named method of the given object with the provided arguments.</doc>
<status status="PASS" starttime="20220717 21:09:04.344" endtime="20220717 21:09:04.344"/>
</kw>
<kw name="Call Method" library="BuiltIn">
<arg>${chrome_options}</arg>
<arg>add_argument</arg>
<arg>--disable-extensions</arg>
<doc>Calls the named method of the given object with the provided arguments.</doc>
<status status="PASS" starttime="20220717 21:09:04.344" endtime="20220717 21:09:04.344"/>
</kw>
<kw name="Call Method" library="BuiltIn">
<arg>${chrome_options}</arg>
<arg>add_argument</arg>
<arg>--headless</arg>
<doc>Calls the named method of the given object with the provided arguments.</doc>
<status status="PASS" starttime="20220717 21:09:04.344" endtime="20220717 21:09:04.345"/>
</kw>
<kw name="Call Method" library="BuiltIn">
<arg>${chrome_options}</arg>
<arg>add_argument</arg>
<arg>--disable-gpu</arg>
<doc>Calls the named method of the given object with the provided arguments.</doc>
<status status="PASS" starttime="20220717 21:09:04.345" endtime="20220717 21:09:04.345"/>
</kw>
<kw name="Call Method" library="BuiltIn">
<arg>${chrome_options}</arg>
<arg>add_argument</arg>
<arg>--no-sandbox</arg>
<doc>Calls the named method of the given object with the provided arguments.</doc>
<status status="PASS" starttime="20220717 21:09:04.345" endtime="20220717 21:09:04.345"/>
</kw>
<kw name="Create Webdriver" library="SeleniumLibrary">
<arg>Chrome</arg>
<arg>chrome_options=${chrome_options}</arg>
<doc>Creates an instance of Selenium WebDriver.</doc>
<msg timestamp="20220717 21:09:04.345" level="INFO">Creating an instance of the Chrome WebDriver.</msg>
<status status="PASS" starttime="20220717 21:09:04.345" endtime="20220717 21:09:04.985"/>
</kw>
<kw name="Go To" library="SeleniumLibrary">
<arg>https://rahulshettyacademy.com/loginpagePractise/</arg>
<doc>Navigates the current browser window to the provided ``url``.</doc>
<msg timestamp="20220717 21:09:04.986" level="INFO">Opening url 'https://rahulshettyacademy.com/loginpagePractise/'</msg>
<status status="PASS" starttime="20220717 21:09:04.986" endtime="20220717 21:09:05.826"/>
</kw>
<status status="PASS" starttime="20220717 21:09:04.343" endtime="20220717 21:09:05.826"/>
</kw>
<kw name="Fill the login form">
<kw name="Input Text" library="SeleniumLibrary">
<arg>id:username</arg>
<arg>${username}</arg>
<doc>Types the given ``text`` into the text field identified by ``locator``.</doc>
<msg timestamp="20220717 21:09:05.827" level="INFO">Typing text 'lequeuxAndy' into text field 'id:username'.</msg>
<status status="PASS" starttime="20220717 21:09:05.826" endtime="20220717 21:09:05.912"/>
</kw>
<kw name="Input Password" library="SeleniumLibrary">
<arg>id:password</arg>
<arg>${password}</arg>
<doc>Types the given password into the text field identified by ``locator``.</doc>
<msg timestamp="20220717 21:09:05.912" level="INFO">Typing password into text field 'id:password'.</msg>
<msg timestamp="20220717 21:09:05.942" level="INFO">Temporally setting log level to: NONE</msg>
<msg timestamp="20220717 21:09:05.979" level="INFO">Log level changed from NONE to INFO.</msg>
<status status="PASS" starttime="20220717 21:09:05.912" endtime="20220717 21:09:05.979"/>
</kw>
<kw name="Click Button" library="SeleniumLibrary">
<arg>signInBtn</arg>
<doc>Clicks the button identified by ``locator``.</doc>
<msg timestamp="20220717 21:09:05.979" level="INFO">Clicking button 'signInBtn'.</msg>
<status status="PASS" starttime="20220717 21:09:05.979" endtime="20220717 21:09:06.026"/>
</kw>
<status status="PASS" starttime="20220717 21:09:05.826" endtime="20220717 21:09:06.026"/>
</kw>
<kw name="wait until it checks and display error message">
<kw name="Wait Until Element Is Visible" library="SeleniumLibrary">
<arg>${Error_Message_Login}</arg>
<doc>Waits until the element ``locator`` is visible.</doc>
<status status="PASS" starttime="20220717 21:09:06.026" endtime="20220717 21:09:08.147"/>
</kw>
<status status="PASS" starttime="20220717 21:09:06.026" endtime="20220717 21:09:08.148"/>
</kw>
<kw name="verify error message is correct">
<kw name="Get Text" library="SeleniumLibrary">
<var>${result}</var>
<arg>${Error_Message_Login}</arg>
<doc>Returns the text value of the element identified by ``locator``.</doc>
<msg timestamp="20220717 21:09:08.192" level="INFO">${result} = Incorrect username/password.</msg>
<status status="PASS" starttime="20220717 21:09:08.150" endtime="20220717 21:09:08.192"/>
</kw>
<kw name="Should Be Equal As Strings" library="BuiltIn">
<arg>${result}</arg>
<arg>Incorrect username/password.</arg>
<doc>Fails if objects are unequal after converting them to strings.</doc>
<status status="PASS" starttime="20220717 21:09:08.192" endtime="20220717 21:09:08.193"/>
</kw>
<kw name="Element Text Should Be" library="SeleniumLibrary">
<arg>${Error_Message_Login}</arg>
<arg>Incorrect username/password.</arg>
<doc>Verifies that element ``locator`` contains exact the text ``expected``.</doc>
<msg timestamp="20220717 21:09:08.193" level="INFO">Verifying element 'css:.alert-danger' contains exact text 'Incorrect username/password.'.</msg>
<status status="PASS" starttime="20220717 21:09:08.193" endtime="20220717 21:09:08.221"/>
</kw>
<status status="PASS" starttime="20220717 21:09:08.150" endtime="20220717 21:09:08.221"/>
</kw>
<kw name="Close Browser Session" library="ressources" type="TEARDOWN">
<kw name="Close Browser" library="SeleniumLibrary">
<doc>Closes the current browser.</doc>
<status status="PASS" starttime="20220717 21:09:08.222" endtime="20220717 21:09:08.285"/>
</kw>
<status status="PASS" starttime="20220717 21:09:08.222" endtime="20220717 21:09:08.285"/>
</kw>
<status status="PASS" starttime="20220717 21:09:04.342" endtime="20220717 21:09:08.285"/>
</test>
<doc>To validate the login form</doc>
<status status="PASS" starttime="20220717 21:09:04.223" endtime="20220717 21:09:08.288"/>
</suite>
<statistics>
<total>
<stat pass="1" fail="0" skip="0">All Tests</stat>
</total>
<tag>
</tag>
<suite>
<stat pass="1" fail="0" skip="0" id="s1" name="testDemo2">testDemo2</stat>
</suite>
</statistics>
<errors>
</errors>
</robot>
